#
# There is insufficient memory for the Java Runtime Environment to continue.
# Native memory allocation (malloc) failed to allocate 1048576 bytes for AllocateHeap
# Possible reasons:
#   The system is out of physical RAM or swap space
#   In 32 bit mode, the process size limit was hit
# Possible solutions:
#   Reduce memory load on the system
#   Increase physical memory or swap space
#   Check if swap backing store is full
#   Use 64 bit Java on a 64 bit OS
#   Decrease Java heap size (-Xmx/-Xms)
#   Decrease number of Java threads
#   Decrease Java thread stack sizes (-Xss)
#   Set larger code cache with -XX:ReservedCodeCacheSize=
# This output file may be truncated or incomplete.
#
#  Out of Memory Error (memory/allocation.inline.hpp:61), pid=1132, tid=0x0000000000001a70
#
# JRE version:  (8.0_101-b13) (build )
# Java VM: Java HotSpot(TM) 64-Bit Server VM (25.101-b13 mixed mode windows-amd64 compressed oops)
# Failed to write core dump. Minidumps are not enabled by default on client versions of Windows
#

---------------  T H R E A D  ---------------

Current thread (0x0000000002ac0800):  JavaThread "Unknown thread" [_thread_in_vm, id=6768, stack(0x0000000002990000,0x0000000002a90000)]

Stack: [0x0000000002990000,0x0000000002a90000]
[error occurred during error reporting (printing stack bounds), id 0xc0000005]

Native frames: (J=compiled Java code, j=interpreted, Vv=VM code, C=native code)


---------------  P R O C E S S  ---------------

Java Threads: ( => current thread )

Other Threads:

=>0x0000000002ac0800 (exited) JavaThread "Unknown thread" [_thread_in_vm, id=6768, stack(0x0000000002990000,0x0000000002a90000)]

VM state:not at safepoint (normal execution)

VM Mutex/Monitor currently owned by a thread: None

Heap:
 PSYoungGen      total 18944K, used 327K [0x00000000eab00000, 0x00000000ec000000, 0x0000000100000000)
  eden space 16384K, 2% used [0x00000000eab00000,0x00000000eab51ec8,0x00000000ebb00000)
  from space 2560K, 0% used [0x00000000ebd80000,0x00000000ebd80000,0x00000000ec000000)
  to   space 2560K, 0% used [0x00000000ebb00000,0x00000000ebb00000,0x00000000ebd80000)
 ParOldGen       total 44032K, used 0K [0x00000000c0000000, 0x00000000c2b00000, 0x00000000eab00000)
  object space 44032K, 0% used [0x00000000c0000000,0x00000000c0000000,0x00000000c2b00000)
 Metaspace       used 769K, capacity 4480K, committed 4480K, reserved 1056768K
  class space    used 75K, capacity 384K, committed 384K, reserved 1048576K

Card table byte_map: [0x0000000011ff0000,0x0000000012200000] byte_map_base: 0x00000000119f0000

Marking Bits: (ParMarkBitMap*) 0x00000000541fa6d0
 Begin Bits: [0x0000000012760000, 0x0000000013760000)
 End Bits:   [0x0000000013760000, 0x0000000014760000)

Polling page: 0x00000000010e0000

CodeCache: size=245760Kb used=328Kb max_used=328Kb free=245431Kb
 bounds [0x0000000002c30000, 0x0000000002ea0000, 0x0000000011c30000]
 total_blobs=58 nmethods=0 adapters=38
 compilation: enabled

Compilation events (0 events):
No events

GC Heap History (0 events):
No events

Deoptimization events (0 events):
No events

Internal exceptions (0 events):
No events

Events (10 events):
Event: 1.192 loading class java/lang/Short
Event: 1.192 loading class java/lang/Short done
Event: 1.192 loading class java/lang/Integer
Event: 1.246 loading class java/lang/Integer done
Event: 1.246 loading class java/lang/Long
Event: 1.276 loading class java/lang/Long done
Event: 1.278 loading class java/lang/NullPointerException
Event: 1.278 loading class java/lang/NullPointerException done
Event: 1.278 loading class java/lang/ArithmeticException
Event: 1.278 loading class java/lang/ArithmeticException done


Dynamic libraries:
0x00007ff7d2c60000 - 0x00007ff7d2c97000 	C:\Program Files\Java\jdk1.8.0_101\bin\java.exe
0x00007fff6cf10000 - 0x00007fff6d0bd000 	C:\Windows\SYSTEM32\ntdll.dll
0x00007fff6a760000 - 0x00007fff6a89e000 	C:\Windows\system32\KERNEL32.DLL
0x00007fff6a100000 - 0x00007fff6a215000 	C:\Windows\system32\KERNELBASE.dll
0x00007fff68b70000 - 0x00007fff68bfe000 	C:\Windows\system32\apphelp.dll
0x00007fff62ad0000 - 0x00007fff62b23000 	C:\Windows\AppPatch\AppPatch64\AcGenral.DLL
0x00007fff6ac90000 - 0x00007fff6ad3a000 	C:\Windows\system32\msvcrt.dll
0x00007fff6a270000 - 0x00007fff6a29e000 	C:\Windows\system32\SspiCli.dll
0x00007fff6b090000 - 0x00007fff6b0e4000 	C:\Windows\system32\SHLWAPI.dll
0x00007fff6af00000 - 0x00007fff6b077000 	C:\Windows\system32\USER32.dll
0x00007fff6a8b0000 - 0x00007fff6aa44000 	C:\Windows\system32\ole32.dll
0x00007fff6b560000 - 0x00007fff6ca89000 	C:\Windows\system32\SHELL32.dll
0x00007fff695f0000 - 0x00007fff69611000 	C:\Windows\SYSTEM32\USERENV.dll
0x00007fff6cb50000 - 0x00007fff6cbfa000 	C:\Windows\system32\ADVAPI32.dll
0x00007fff61ec0000 - 0x00007fff61ede000 	C:\Windows\SYSTEM32\MPR.dll
0x00007fff6ab50000 - 0x00007fff6ac90000 	C:\Windows\system32\RPCRT4.dll
0x00007fff6ceb0000 - 0x00007fff6cf09000 	C:\Windows\SYSTEM32\sechost.dll
0x00007fff6cc10000 - 0x00007fff6ce22000 	C:\Windows\SYSTEM32\combase.dll
0x00007fff6a5a0000 - 0x00007fff6a6eb000 	C:\Windows\system32\GDI32.dll
0x00007fff6a030000 - 0x00007fff6a045000 	C:\Windows\SYSTEM32\profapi.dll
0x00007fff68540000 - 0x00007fff685f2000 	C:\Windows\SYSTEM32\SHCORE.dll
0x00007fff6ab10000 - 0x00007fff6ab46000 	C:\Windows\system32\IMM32.DLL
0x00007fff6b150000 - 0x00007fff6b2a2000 	C:\Windows\system32\MSCTF.dll
0x00007fff676e0000 - 0x00007fff6795b000 	C:\Windows\WinSxS\amd64_microsoft.windows.common-controls_6595b64144ccf1df_6.0.9600.18006_none_623f33d3ecbe86e8\COMCTL32.dll
0x0000000056340000 - 0x0000000056412000 	C:\Program Files\Java\jdk1.8.0_101\jre\bin\msvcr100.dll
0x00000000539e0000 - 0x000000005427a000 	C:\Program Files\Java\jdk1.8.0_101\jre\bin\server\jvm.dll
0x00007fff57810000 - 0x00007fff57819000 	C:\Windows\SYSTEM32\WSOCK32.dll
0x00007fff61ef0000 - 0x00007fff61f12000 	C:\Windows\SYSTEM32\WINMM.dll
0x00007fff67960000 - 0x00007fff6796a000 	C:\Windows\SYSTEM32\VERSION.dll
0x00007fff6cc00000 - 0x00007fff6cc07000 	C:\Windows\system32\PSAPI.DLL
0x00007fff6ce50000 - 0x00007fff6ceaa000 	C:\Windows\system32\WS2_32.dll
0x00007fff61910000 - 0x00007fff6193a000 	C:\Windows\SYSTEM32\WINMMBASE.dll
0x00007fff6a590000 - 0x00007fff6a599000 	C:\Windows\system32\NSI.dll
0x00007fff6a220000 - 0x00007fff6a26f000 	C:\Windows\SYSTEM32\cfgmgr32.dll
0x00007fff68dd0000 - 0x00007fff68df8000 	C:\Windows\SYSTEM32\DEVOBJ.dll
0x00000000539d0000 - 0x00000000539df000 	C:\Program Files\Java\jdk1.8.0_101\jre\bin\verify.dll
0x00000000539a0000 - 0x00000000539c9000 	C:\Program Files\Java\jdk1.8.0_101\jre\bin\java.dll
0x0000000053980000 - 0x0000000053996000 	C:\Program Files\Java\jdk1.8.0_101\jre\bin\zip.dll

VM Arguments:
jvm_args: -Djava.awt.headless=true -Xmx1024M -Dfile.encoding=windows-1252 -Duser.country=IN -Duser.language=en -Duser.variant 
java_command: com.android.dx.command.Main --dex --num-threads=4 --output D:\MyApplication\app\build\intermediates\pre-dexed\debug\com.google.android.gms-play-services-auth-9.8.0_c5a1ea9ab223a1871e567c8764657c728adf8a17.jar D:\MyApplication\app\build\intermediates\exploded-aar\com.google.android.gms\play-services-auth\9.8.0\jars\classes.jar
java_class_path (initial): C:\Users\admin1\AppData\Local\Android\sdk\build-tools\25.0.3\lib\dx.jar
Launcher Type: SUN_STANDARD

Environment Variables:
PATH=C:\ProgramData\Anaconda3;C:\ProgramData\Anaconda3\Library\mingw-w64\bin;C:\ProgramData\Anaconda3\Library\usr\bin;C:\ProgramData\Anaconda3\Library\bin;C:\ProgramData\Anaconda3\Scripts;C:\ProgramData\Oracle\Java\javapath;C:\Program Files\Java\jdk1.8.0_101\bin;C:\Program Files (x86)\GTK2-Runtime\lib;C:\Users\admin1\AppData\Roaming\Microsoft\Windows\Start Menu\Programs;C:\Windows\system32\cmd.exe;
USERNAME=admin1
OS=Windows_NT
PROCESSOR_IDENTIFIER=Intel64 Family 6 Model 61 Stepping 4, GenuineIntel



---------------  S Y S T E M  ---------------

OS: Windows 8.1 , 64 bit Build 9600 (6.3.9600.17415)

CPU:total 4 (2 cores per cpu, 2 threads per core) family 6 model 61 stepping 4, cmov, cx8, fxsr, mmx, sse, sse2, sse3, ssse3, sse4.1, sse4.2, popcnt, avx, avx2, aes, clmul, erms, 3dnowpref, lzcnt, ht, tsc, tscinvbit, bmi1, bmi2, adx

Memory: 4k page, physical 4112560k(499452k free), swap 7258288k(30920k free)

vm_info: Java HotSpot(TM) 64-Bit Server VM (25.101-b13) for windows-amd64 JRE (1.8.0_101-b13), built on Jun 22 2016 01:21:29 by "java_re" with MS VC++ 10.0 (VS2010)

time: Sat Aug 26 01:55:26 2017
elapsed time: 1 seconds (0d 0h 0m 1s)

