#
# There is insufficient memory for the Java Runtime Environment to continue.
# Native memory allocation (malloc) failed to allocate 548416 bytes for Chunk::new
# Possible reasons:
#   The system is out of physical RAM or swap space
#   In 32 bit mode, the process size limit was hit
# Possible solutions:
#   Reduce memory load on the system
#   Increase physical memory or swap space
#   Check if swap backing store is full
#   Use 64 bit Java on a 64 bit OS
#   Decrease Java heap size (-Xmx/-Xms)
#   Decrease number of Java threads
#   Decrease Java thread stack sizes (-Xss)
#   Set larger code cache with -XX:ReservedCodeCacheSize=
# This output file may be truncated or incomplete.
#
#  Out of Memory Error (allocation.cpp:390), pid=6208, tid=0x00000000000016f0
#
# JRE version: Java(TM) SE Runtime Environment (8.0_101-b13) (build 1.8.0_101-b13)
# Java VM: Java HotSpot(TM) 64-Bit Server VM (25.101-b13 mixed mode windows-amd64 compressed oops)
# Failed to write core dump. Minidumps are not enabled by default on client versions of Windows
#

---------------  T H R E A D  ---------------

Current thread (0x0000000014a78000):  JavaThread "C2 CompilerThread0" daemon [_thread_in_native, id=5872, stack(0x00000000160f0000,0x00000000161f0000)]

Stack: [0x00000000160f0000,0x00000000161f0000]
[error occurred during error reporting (printing stack bounds), id 0xc0000005]

Native frames: (J=compiled Java code, j=interpreted, Vv=VM code, C=native code)


Current CompileTask:
C2:  10566 1171       4       com.android.dx.ssa.SCCP::simulateStmt (481 bytes)


---------------  P R O C E S S  ---------------

Java Threads: ( => current thread )
  0x0000000016588000 JavaThread "pool-1-thread-4" [_thread_in_Java, id=2328, stack(0x0000000016df0000,0x0000000016ef0000)]
  0x0000000016583800 JavaThread "pool-1-thread-3" [_thread_in_Java, id=5720, stack(0x0000000016cf0000,0x0000000016df0000)]
  0x0000000016583000 JavaThread "pool-1-thread-2" [_thread_in_Java, id=1988, stack(0x0000000016bf0000,0x0000000016cf0000)]
  0x0000000016609800 JavaThread "pool-2-thread-1" [_thread_blocked, id=8372, stack(0x0000000016af0000,0x0000000016bf0000)]
  0x0000000016629000 JavaThread "pool-1-thread-1" [_thread_in_Java, id=8156, stack(0x00000000169f0000,0x0000000016af0000)]
  0x00000000163f5800 JavaThread "Service Thread" daemon [_thread_blocked, id=7944, stack(0x00000000167f0000,0x00000000168f0000)]
  0x0000000014ac8000 JavaThread "C1 CompilerThread2" daemon [_thread_in_native, id=6000, stack(0x00000000162f0000,0x00000000163f0000)]
  0x0000000014a73800 JavaThread "C2 CompilerThread1" daemon [_thread_in_native, id=7508, stack(0x00000000161f0000,0x00000000162f0000)]
=>0x0000000014a78000 JavaThread "C2 CompilerThread0" daemon [_thread_in_native, id=5872, stack(0x00000000160f0000,0x00000000161f0000)]
  0x0000000014a76000 JavaThread "Attach Listener" daemon [_thread_blocked, id=6220, stack(0x0000000015ff0000,0x00000000160f0000)]
  0x0000000014a75000 JavaThread "Signal Dispatcher" daemon [_thread_blocked, id=4992, stack(0x0000000015ef0000,0x0000000015ff0000)]
  0x000000000239a000 JavaThread "Finalizer" daemon [_thread_blocked, id=4564, stack(0x0000000015d10000,0x0000000015e10000)]
  0x0000000014a38800 JavaThread "Reference Handler" daemon [_thread_blocked, id=8076, stack(0x0000000015c10000,0x0000000015d10000)]
  0x00000000022a0800 JavaThread "main" [_thread_in_vm, id=4368, stack(0x00000000021a0000,0x00000000022a0000)]

Other Threads:
  0x0000000014a36800 VMThread [stack: 0x0000000015b10000,0x0000000015c10000] [id=6924]
  0x0000000016402800 WatcherThread [stack: 0x00000000168f0000,0x00000000169f0000] [id=8876]

VM state:not at safepoint (normal execution)

VM Mutex/Monitor currently owned by a thread: None

Heap:
 PSYoungGen      total 18944K, used 15374K [0x00000000eab00000, 0x00000000ec000000, 0x0000000100000000)
  eden space 16384K, 78% used [0x00000000eab00000,0x00000000eb789c18,0x00000000ebb00000)
  from space 2560K, 99% used [0x00000000ebb00000,0x00000000ebd79c88,0x00000000ebd80000)
  to   space 2560K, 0% used [0x00000000ebd80000,0x00000000ebd80000,0x00000000ec000000)
 ParOldGen       total 44032K, used 1863K [0x00000000c0000000, 0x00000000c2b00000, 0x00000000eab00000)
  object space 44032K, 4% used [0x00000000c0000000,0x00000000c01d1fe0,0x00000000c2b00000)
 Metaspace       used 5890K, capacity 6960K, committed 7040K, reserved 1056768K
  class space    used 590K, capacity 616K, committed 640K, reserved 1048576K

Card table byte_map: [0x0000000011760000,0x0000000011970000] byte_map_base: 0x0000000011160000

Marking Bits: (ParMarkBitMap*) 0x00000000541fa6d0
 Begin Bits: [0x0000000011ed0000, 0x0000000012ed0000)
 End Bits:   [0x0000000012ed0000, 0x0000000013ed0000)

Polling page: 0x0000000000950000

CodeCache: size=245760Kb used=4899Kb max_used=4899Kb free=240860Kb
 bounds [0x00000000023a0000, 0x0000000002870000, 0x00000000113a0000]
 total_blobs=1504 nmethods=1241 adapters=176
 compilation: enabled

Compilation events (10 events):
Event: 10.548 Thread 0x0000000014ac8000 1252       3       com.android.dx.cf.attrib.AttLocalVariableTable::<init> (8 bytes)
Event: 10.549 Thread 0x0000000014ac8000 nmethod 1252 0x000000000286bf50 code [0x000000000286c0c0, 0x000000000286c268]
Event: 10.553 Thread 0x0000000014ac8000 1253       3       com.android.dx.rop.type.Type::isReference (15 bytes)
Event: 10.553 Thread 0x0000000014ac8000 nmethod 1253 0x000000000286c310 code [0x000000000286c460, 0x000000000286c610]
Event: 10.555 Thread 0x0000000014ac8000 1254       3       java.io.FilterInputStream::available (8 bytes)
Event: 10.555 Thread 0x0000000014ac8000 nmethod 1254 0x000000000286c690 code [0x000000000286c800, 0x000000000286ca28]
Event: 10.555 Thread 0x0000000014ac8000 1255       3       com.android.dx.util.ByteArray$MyInputStream::available (13 bytes)
Event: 10.555 Thread 0x0000000014ac8000 nmethod 1255 0x000000000286cad0 code [0x000000000286cc20, 0x000000000286cd90]
Event: 10.556 Thread 0x0000000014ac8000 1256       3       java.util.concurrent.locks.AbstractOwnableSynchronizer::setExclusiveOwnerThread (6 bytes)
Event: 10.557 Thread 0x0000000014ac8000 nmethod 1256 0x000000000286ce50 code [0x000000000286cfa0, 0x000000000286d110]

GC Heap History (2 events):
Event: 9.602 GC heap before
{Heap before GC invocations=1 (full 0):
 PSYoungGen      total 18944K, used 16384K [0x00000000eab00000, 0x00000000ec000000, 0x0000000100000000)
  eden space 16384K, 100% used [0x00000000eab00000,0x00000000ebb00000,0x00000000ebb00000)
  from space 2560K, 0% used [0x00000000ebd80000,0x00000000ebd80000,0x00000000ec000000)
  to   space 2560K, 0% used [0x00000000ebb00000,0x00000000ebb00000,0x00000000ebd80000)
 ParOldGen       total 44032K, used 0K [0x00000000c0000000, 0x00000000c2b00000, 0x00000000eab00000)
  object space 44032K, 0% used [0x00000000c0000000,0x00000000c0000000,0x00000000c2b00000)
 Metaspace       used 5668K, capacity 6768K, committed 7040K, reserved 1056768K
  class space    used 587K, capacity 616K, committed 640K, reserved 1048576K
Event: 9.948 GC heap after
Heap after GC invocations=1 (full 0):
 PSYoungGen      total 18944K, used 2535K [0x00000000eab00000, 0x00000000ec000000, 0x0000000100000000)
  eden space 16384K, 0% used [0x00000000eab00000,0x00000000eab00000,0x00000000ebb00000)
  from space 2560K, 99% used [0x00000000ebb00000,0x00000000ebd79c88,0x00000000ebd80000)
  to   space 2560K, 0% used [0x00000000ebd80000,0x00000000ebd80000,0x00000000ec000000)
 ParOldGen       total 44032K, used 1863K [0x00000000c0000000, 0x00000000c2b00000, 0x00000000eab00000)
  object space 44032K, 4% used [0x00000000c0000000,0x00000000c01d1fe0,0x00000000c2b00000)
 Metaspace       used 5668K, capacity 6768K, committed 7040K, reserved 1056768K
  class space    used 587K, capacity 616K, committed 640K, reserved 1048576K
}

Deoptimization events (10 events):
Event: 9.100 Thread 0x0000000016629000 Uncommon trap: reason=unstable_if action=reinterpret pc=0x00000000025dd7f4 method=java.util.BitSet.ensureCapacity(I)V @ 6
Event: 9.101 Thread 0x0000000016629000 Uncommon trap: reason=unstable_if action=reinterpret pc=0x00000000025ae670 method=java.util.BitSet.nextSetBit(I)I @ 87
Event: 9.568 Thread 0x0000000016588000 Uncommon trap: reason=unstable_if action=reinterpret pc=0x00000000026464f0 method=com.android.dx.cf.code.LocalVariableList$Item.matchesPcAndIndex(II)Z @ 13
Event: 9.593 Thread 0x0000000016588000 Uncommon trap: reason=null_check action=make_not_entrant pc=0x0000000002616ba8 method=com.android.dx.rop.type.Type.equals(Ljava/lang/Object;)Z @ 8
Event: 9.595 Thread 0x0000000016588000 Uncommon trap: reason=unstable_if action=reinterpret pc=0x0000000002619c4c method=com.android.dx.rop.code.RegisterSpec.equals(ILcom/android/dx/rop/type/TypeBearer;Lcom/android/dx/rop/code/LocalItem;)Z @ 16
Event: 9.595 Thread 0x0000000016588000 Uncommon trap: reason=unstable_if action=reinterpret pc=0x000000000261b29c method=com.android.dx.rop.code.RegisterSpec.equals(ILcom/android/dx/rop/type/TypeBearer;Lcom/android/dx/rop/code/LocalItem;)Z @ 16
Event: 10.000 Thread 0x00000000022a0800 Uncommon trap: reason=unstable_if action=reinterpret pc=0x00000000027012ac method=com.android.dx.rop.code.RegisterSpecSet.put(Lcom/android/dx/rop/code/RegisterSpec;)V @ 77
Event: 10.026 Thread 0x0000000016629000 Uncommon trap: reason=unstable_if action=reinterpret pc=0x0000000002645e5c method=com.android.dx.rop.cst.Constant.compareTo(Lcom/android/dx/rop/cst/Constant;)I @ 12
Event: 10.027 Thread 0x0000000016629000 Uncommon trap: reason=bimorphic action=maybe_recompile pc=0x00000000027187d8 method=java.util.HashMap.getNode(ILjava/lang/Object;)Ljava/util/HashMap$Node; @ 126
Event: 10.027 Thread 0x0000000016629000 Uncommon trap: reason=bimorphic action=maybe_recompile pc=0x00000000027187d8 method=java.util.HashMap.getNode(ILjava/lang/Object;)Ljava/util/HashMap$Node; @ 126

Internal exceptions (3 events):
Event: 1.709 Thread 0x00000000022a0800 Exception <a 'java/lang/NoSuchMethodError': Method sun.misc.Unsafe.defineClass(Ljava/lang/String;[BII)Ljava/lang/Class; name or signature does not match> (0x00000000eab07cc0) thrown at [C:\re\workspace\8-2-build-windows-amd64-cygwin\jdk8u101\7261\hotspot\sÚ)}ÅrXû?
Event: 1.709 Thread 0x00000000022a0800 Exception <a 'java/lang/NoSuchMethodError': Method sun.misc.Unsafe.prefetchRead(Ljava/lang/Object;J)V name or signature does not match> (0x00000000eab07fa8) thrown at [C:\re\workspace\8-2-build-windows-amd64-cygwin\jdk8u101\7261\hotspot\src\share\vm\prims\ê‚ÓZ‘/#@
Event: 9.593 Thread 0x0000000016588000 Implicit null exception at 0x0000000002616aa2 to 0x0000000002616b9a

Events (10 events):
Event: 10.027 Thread 0x0000000016629000 DEOPT UNPACKING pc=0x00000000023e582a sp=0x0000000016aee570 mode 2
Event: 10.027 Thread 0x0000000016629000 Uncommon trap: trap_request=0xffffffc6 fr.pc=0x00000000027187d8
Event: 10.027 Thread 0x0000000016629000 DEOPT PACKING pc=0x00000000027187d8 sp=0x0000000016aee5f0
Event: 10.027 Thread 0x0000000016629000 DEOPT UNPACKING pc=0x00000000023e582a sp=0x0000000016aee570 mode 2
Event: 10.033 loading class java/util/HashMap$Values
Event: 10.033 loading class java/util/HashMap$Values done
Event: 10.033 loading class java/util/HashMap$ValueIterator
Event: 10.033 loading class java/util/HashMap$ValueIterator done
Event: 10.309 loading class com/android/dx/dex/file/FieldAnnotationStruct
Event: 10.309 loading class com/android/dx/dex/file/FieldAnnotationStruct done


Dynamic libraries:
0x00007ff7d2c60000 - 0x00007ff7d2c97000 	C:\Program Files\Java\jdk1.8.0_101\bin\java.exe
0x00007fff6cf10000 - 0x00007fff6d0bd000 	C:\Windows\SYSTEM32\ntdll.dll
0x00007fff6a760000 - 0x00007fff6a89e000 	C:\Windows\system32\KERNEL32.DLL
0x00007fff6a100000 - 0x00007fff6a215000 	C:\Windows\system32\KERNELBASE.dll
0x00007fff68b70000 - 0x00007fff68bfe000 	C:\Windows\system32\apphelp.dll
0x00007fff62ad0000 - 0x00007fff62b23000 	C:\Windows\AppPatch\AppPatch64\AcGenral.DLL
0x00007fff6ac90000 - 0x00007fff6ad3a000 	C:\Windows\system32\msvcrt.dll
0x00007fff6a270000 - 0x00007fff6a29e000 	C:\Windows\system32\SspiCli.dll
0x00007fff6b090000 - 0x00007fff6b0e4000 	C:\Windows\system32\SHLWAPI.dll
0x00007fff6af00000 - 0x00007fff6b077000 	C:\Windows\system32\USER32.dll
0x00007fff6a8b0000 - 0x00007fff6aa44000 	C:\Windows\system32\ole32.dll
0x00007fff6b560000 - 0x00007fff6ca89000 	C:\Windows\system32\SHELL32.dll
0x00007fff695f0000 - 0x00007fff69611000 	C:\Windows\SYSTEM32\USERENV.dll
0x00007fff6cb50000 - 0x00007fff6cbfa000 	C:\Windows\system32\ADVAPI32.dll
0x00007fff61ec0000 - 0x00007fff61ede000 	C:\Windows\SYSTEM32\MPR.dll
0x00007fff6ab50000 - 0x00007fff6ac90000 	C:\Windows\system32\RPCRT4.dll
0x00007fff6ceb0000 - 0x00007fff6cf09000 	C:\Windows\SYSTEM32\sechost.dll
0x00007fff6cc10000 - 0x00007fff6ce22000 	C:\Windows\SYSTEM32\combase.dll
0x00007fff6a5a0000 - 0x00007fff6a6eb000 	C:\Windows\system32\GDI32.dll
0x00007fff6a030000 - 0x00007fff6a045000 	C:\Windows\SYSTEM32\profapi.dll
0x00007fff68540000 - 0x00007fff685f2000 	C:\Windows\SYSTEM32\SHCORE.dll
0x00007fff6ab10000 - 0x00007fff6ab46000 	C:\Windows\system32\IMM32.DLL
0x00007fff6b150000 - 0x00007fff6b2a2000 	C:\Windows\system32\MSCTF.dll
0x00007fff676e0000 - 0x00007fff6795b000 	C:\Windows\WinSxS\amd64_microsoft.windows.common-controls_6595b64144ccf1df_6.0.9600.18006_none_623f33d3ecbe86e8\COMCTL32.dll
0x0000000056340000 - 0x0000000056412000 	C:\Program Files\Java\jdk1.8.0_101\jre\bin\msvcr100.dll
0x00000000539e0000 - 0x000000005427a000 	C:\Program Files\Java\jdk1.8.0_101\jre\bin\server\jvm.dll
0x00007fff57810000 - 0x00007fff57819000 	C:\Windows\SYSTEM32\WSOCK32.dll
0x00007fff61ef0000 - 0x00007fff61f12000 	C:\Windows\SYSTEM32\WINMM.dll
0x00007fff67960000 - 0x00007fff6796a000 	C:\Windows\SYSTEM32\VERSION.dll
0x00007fff6cc00000 - 0x00007fff6cc07000 	C:\Windows\system32\PSAPI.DLL
0x00007fff6ce50000 - 0x00007fff6ceaa000 	C:\Windows\system32\WS2_32.dll
0x00007fff61910000 - 0x00007fff6193a000 	C:\Windows\SYSTEM32\WINMMBASE.dll
0x00007fff6a590000 - 0x00007fff6a599000 	C:\Windows\system32\NSI.dll
0x00007fff6a220000 - 0x00007fff6a26f000 	C:\Windows\SYSTEM32\cfgmgr32.dll
0x00007fff68dd0000 - 0x00007fff68df8000 	C:\Windows\SYSTEM32\DEVOBJ.dll
0x00000000539d0000 - 0x00000000539df000 	C:\Program Files\Java\jdk1.8.0_101\jre\bin\verify.dll
0x00000000539a0000 - 0x00000000539c9000 	C:\Program Files\Java\jdk1.8.0_101\jre\bin\java.dll
0x0000000053980000 - 0x0000000053996000 	C:\Program Files\Java\jdk1.8.0_101\jre\bin\zip.dll

VM Arguments:
jvm_args: -Djava.awt.headless=true -Xmx1024M -Dfile.encoding=windows-1252 -Duser.country=IN -Duser.language=en -Duser.variant 
java_command: com.android.dx.command.Main --dex --num-threads=4 --output D:\MyApplication\app\build\intermediates\pre-dexed\debug\com.android.support-transition-25.3.1_03ae9a08ce52e1294ed15a9f3926714d6552440b.jar D:\MyApplication\app\build\intermediates\exploded-aar\com.android.support\transition\25.3.1\jars\classes.jar
java_class_path (initial): C:\Users\admin1\AppData\Local\Android\sdk\build-tools\25.0.3\lib\dx.jar
Launcher Type: SUN_STANDARD

Environment Variables:
PATH=C:\ProgramData\Anaconda3;C:\ProgramData\Anaconda3\Library\mingw-w64\bin;C:\ProgramData\Anaconda3\Library\usr\bin;C:\ProgramData\Anaconda3\Library\bin;C:\ProgramData\Anaconda3\Scripts;C:\ProgramData\Oracle\Java\javapath;C:\Program Files\Java\jdk1.8.0_101\bin;C:\Program Files (x86)\GTK2-Runtime\lib;C:\Users\admin1\AppData\Roaming\Microsoft\Windows\Start Menu\Programs;C:\Windows\system32\cmd.exe;
USERNAME=admin1
OS=Windows_NT
PROCESSOR_IDENTIFIER=Intel64 Family 6 Model 61 Stepping 4, GenuineIntel



---------------  S Y S T E M  ---------------

OS: Windows 8.1 , 64 bit Build 9600 (6.3.9600.17415)

CPU:total 4 (2 cores per cpu, 2 threads per core) family 6 model 61 stepping 4, cmov, cx8, fxsr, mmx, sse, sse2, sse3, ssse3, sse4.1, sse4.2, popcnt, avx, avx2, aes, clmul, erms, 3dnowpref, lzcnt, ht, tsc, tscinvbit, bmi1, bmi2, adx

Memory: 4k page, physical 4112560k(327600k free), swap 7258288k(5216k free)

vm_info: Java HotSpot(TM) 64-Bit Server VM (25.101-b13) for windows-amd64 JRE (1.8.0_101-b13), built on Jun 22 2016 01:21:29 by "java_re" with MS VC++ 10.0 (VS2010)

time: Sat Aug 26 01:56:32 2017
elapsed time: 10 seconds (0d 0h 0m 10s)

