#
# There is insufficient memory for the Java Runtime Environment to continue.
# Native memory allocation (malloc) failed to allocate 422256 bytes for Chunk::new
# Possible reasons:
#   The system is out of physical RAM or swap space
#   In 32 bit mode, the process size limit was hit
# Possible solutions:
#   Reduce memory load on the system
#   Increase physical memory or swap space
#   Check if swap backing store is full
#   Use 64 bit Java on a 64 bit OS
#   Decrease Java heap size (-Xmx/-Xms)
#   Decrease number of Java threads
#   Decrease Java thread stack sizes (-Xss)
#   Set larger code cache with -XX:ReservedCodeCacheSize=
# This output file may be truncated or incomplete.
#
#  Out of Memory Error (allocation.cpp:390), pid=5064, tid=0x000000000000166c
#
# JRE version: Java(TM) SE Runtime Environment (8.0_101-b13) (build 1.8.0_101-b13)
# Java VM: Java HotSpot(TM) 64-Bit Server VM (25.101-b13 mixed mode windows-amd64 compressed oops)
# Failed to write core dump. Minidumps are not enabled by default on client versions of Windows
#

---------------  T H R E A D  ---------------

Current thread (0x0000000014f08800):  JavaThread "C2 CompilerThread0" daemon [_thread_in_native, id=5740, stack(0x0000000016540000,0x0000000016640000)]

Stack: [0x0000000016540000,0x0000000016640000]
[error occurred during error reporting (printing stack bounds), id 0xc0000005]

Native frames: (J=compiled Java code, j=interpreted, Vv=VM code, C=native code)


Current CompileTask:
C2:  12592 2254       4       com.android.dx.rop.cst.CstBaseMethodRef::getPrototype (41 bytes)


---------------  P R O C E S S  ---------------

Java Threads: ( => current thread )
  0x0000000016871800 JavaThread "Service Thread" daemon [_thread_blocked, id=8532, stack(0x0000000016c40000,0x0000000016d40000)]
  0x0000000014f11000 JavaThread "C1 CompilerThread2" daemon [_thread_blocked, id=6016, stack(0x0000000016740000,0x0000000016840000)]
  0x0000000014ef9800 JavaThread "C2 CompilerThread1" daemon [_thread_in_native, id=8468, stack(0x0000000016640000,0x0000000016740000)]
=>0x0000000014f08800 JavaThread "C2 CompilerThread0" daemon [_thread_in_native, id=5740, stack(0x0000000016540000,0x0000000016640000)]
  0x0000000014f06800 JavaThread "Attach Listener" daemon [_thread_blocked, id=8652, stack(0x0000000016440000,0x0000000016540000)]
  0x0000000014f05000 JavaThread "Signal Dispatcher" daemon [_thread_blocked, id=8672, stack(0x0000000016340000,0x0000000016440000)]
  0x000000000282a000 JavaThread "Finalizer" daemon [_thread_blocked, id=5624, stack(0x0000000016160000,0x0000000016260000)]
  0x000000000281f000 JavaThread "Reference Handler" daemon [_thread_blocked, id=8880, stack(0x0000000016060000,0x0000000016160000)]
  0x0000000002730800 JavaThread "main" [_thread_blocked, id=8388, stack(0x0000000002560000,0x0000000002660000)]

Other Threads:
  0x0000000014ec7800 VMThread [stack: 0x0000000015f60000,0x0000000016060000] [id=8960]
  0x0000000016895800 WatcherThread [stack: 0x0000000016d40000,0x0000000016e40000] [id=9180]

VM state:at safepoint (normal execution)

VM Mutex/Monitor currently owned by a thread:  ([mutex/lock_event])
[0x00000000026fc2f0] Threads_lock - owner thread: 0x0000000014ec7800
[0x00000000026fc470] Heap_lock - owner thread: 0x0000000002730800

Heap:
 PSYoungGen      total 68096K, used 3953K [0x00000000eab00000, 0x00000000f3d00000, 0x0000000100000000)
  eden space 65536K, 2% used [0x00000000eab00000,0x00000000eac5f920,0x00000000eeb00000)
  from space 2560K, 99% used [0x00000000eeb00000,0x00000000eed7cd80,0x00000000eed80000)
  to   space 9216K, 25% used [0x00000000f3400000,0x00000000f364a4d0,0x00000000f3d00000)
 ParOldGen       total 44032K, used 18597K [0x00000000c0000000, 0x00000000c2b00000, 0x00000000eab00000)
  object space 44032K, 42% used [0x00000000c0000000,0x00000000c1229668,0x00000000c2b00000)
 Metaspace       used 7044K, capacity 7576K, committed 7680K, reserved 1060864K
  class space    used 681K, capacity 720K, committed 768K, reserved 1048576K

Card table byte_map: [0x0000000011bf0000,0x0000000011e00000] byte_map_base: 0x00000000115f0000

Marking Bits: (ParMarkBitMap*) 0x00000000541fa6d0
 Begin Bits: [0x0000000012360000, 0x0000000013360000)
 End Bits:   [0x0000000013360000, 0x0000000014360000)

Polling page: 0x0000000000c30000

CodeCache: size=245760Kb used=10232Kb max_used=10232Kb free=235527Kb
 bounds [0x0000000002830000, 0x0000000003240000, 0x0000000011830000]
 total_blobs=2503 nmethods=2227 adapters=188
 compilation: enabled

Compilation events (10 events):
Event: 12.410 Thread 0x0000000014f11000 2272       3       com.android.dx.dex.file.StringDataItem::writeTo0 (103 bytes)
Event: 12.412 Thread 0x0000000014f11000 nmethod 2272 0x0000000003221290 code [0x00000000032215c0, 0x0000000003222f28]
Event: 12.412 Thread 0x0000000014f11000 2275       3       com.android.dx.util.ByteArrayAnnotatedOutput::write (9 bytes)
Event: 12.412 Thread 0x0000000014f11000 nmethod 2275 0x0000000003223c90 code [0x0000000003223e00, 0x0000000003224028]
Event: 12.412 Thread 0x0000000014f11000 2276       3       com.android.dx.util.ByteArrayAnnotatedOutput::write (129 bytes)
Event: 12.413 Thread 0x0000000014f11000 nmethod 2276 0x0000000003224110 code [0x00000000032243a0, 0x00000000032253a8]
Event: 12.413 Thread 0x0000000014f11000 2273       3       com.android.dx.util.ByteArrayAnnotatedOutput::write (61 bytes)
Event: 12.414 Thread 0x0000000014f11000 nmethod 2273 0x0000000003225bd0 code [0x0000000003225d60, 0x0000000003226228]
Event: 12.414 Thread 0x0000000014f11000 2278       3       com.android.dx.dex.file.DebugInfoItem::writeTo0 (58 bytes)
Event: 12.416 Thread 0x0000000014f11000 nmethod 2278 0x0000000003226410 code [0x0000000003226760, 0x00000000032282c8]

GC Heap History (10 events):
Event: 1.465 GC heap before
{Heap before GC invocations=1 (full 0):
 PSYoungGen      total 18944K, used 16384K [0x00000000eab00000, 0x00000000ec000000, 0x0000000100000000)
  eden space 16384K, 100% used [0x00000000eab00000,0x00000000ebb00000,0x00000000ebb00000)
  from space 2560K, 0% used [0x00000000ebd80000,0x00000000ebd80000,0x00000000ec000000)
  to   space 2560K, 0% used [0x00000000ebb00000,0x00000000ebb00000,0x00000000ebd80000)
 ParOldGen       total 44032K, used 0K [0x00000000c0000000, 0x00000000c2b00000, 0x00000000eab00000)
  object space 44032K, 0% used [0x00000000c0000000,0x00000000c0000000,0x00000000c2b00000)
 Metaspace       used 5741K, capacity 6704K, committed 6784K, reserved 1056768K
  class space    used 596K, capacity 616K, committed 640K, reserved 1048576K
Event: 1.646 GC heap after
Heap after GC invocations=1 (full 0):
 PSYoungGen      total 18944K, used 2538K [0x00000000eab00000, 0x00000000ed000000, 0x0000000100000000)
  eden space 16384K, 0% used [0x00000000eab00000,0x00000000eab00000,0x00000000ebb00000)
  from space 2560K, 99% used [0x00000000ebb00000,0x00000000ebd7aaa8,0x00000000ebd80000)
  to   space 2560K, 0% used [0x00000000ecd80000,0x00000000ecd80000,0x00000000ed000000)
 ParOldGen       total 44032K, used 1620K [0x00000000c0000000, 0x00000000c2b00000, 0x00000000eab00000)
  object space 44032K, 3% used [0x00000000c0000000,0x00000000c01953b0,0x00000000c2b00000)
 Metaspace       used 5741K, capacity 6704K, committed 6784K, reserved 1056768K
  class space    used 596K, capacity 616K, committed 640K, reserved 1048576K
}
Event: 2.604 GC heap before
{Heap before GC invocations=2 (full 0):
 PSYoungGen      total 18944K, used 18922K [0x00000000eab00000, 0x00000000ed000000, 0x0000000100000000)
  eden space 16384K, 100% used [0x00000000eab00000,0x00000000ebb00000,0x00000000ebb00000)
  from space 2560K, 99% used [0x00000000ebb00000,0x00000000ebd7aaa8,0x00000000ebd80000)
  to   space 2560K, 0% used [0x00000000ecd80000,0x00000000ecd80000,0x00000000ed000000)
 ParOldGen       total 44032K, used 1620K [0x00000000c0000000, 0x00000000c2b00000, 0x00000000eab00000)
  object space 44032K, 3% used [0x00000000c0000000,0x00000000c01953b0,0x00000000c2b00000)
 Metaspace       used 5982K, capacity 6898K, committed 7040K, reserved 1056768K
  class space    used 599K, capacity 618K, committed 640K, reserved 1048576K
Event: 2.644 GC heap after
Heap after GC invocations=2 (full 0):
 PSYoungGen      total 35328K, used 2554K [0x00000000eab00000, 0x00000000ed000000, 0x0000000100000000)
  eden space 32768K, 0% used [0x00000000eab00000,0x00000000eab00000,0x00000000ecb00000)
  from space 2560K, 99% used [0x00000000ecd80000,0x00000000ecffea98,0x00000000ed000000)
  to   space 2560K, 0% used [0x00000000ecb00000,0x00000000ecb00000,0x00000000ecd80000)
 ParOldGen       total 44032K, used 4036K [0x00000000c0000000, 0x00000000c2b00000, 0x00000000eab00000)
  object space 44032K, 9% used [0x00000000c0000000,0x00000000c03f12f0,0x00000000c2b00000)
 Metaspace       used 5982K, capacity 6898K, committed 7040K, reserved 1056768K
  class space    used 599K, capacity 618K, committed 640K, reserved 1048576K
}
Event: 5.649 GC heap before
{Heap before GC invocations=3 (full 0):
 PSYoungGen      total 35328K, used 35322K [0x00000000eab00000, 0x00000000ed000000, 0x0000000100000000)
  eden space 32768K, 100% used [0x00000000eab00000,0x00000000ecb00000,0x00000000ecb00000)
  from space 2560K, 99% used [0x00000000ecd80000,0x00000000ecffea98,0x00000000ed000000)
  to   space 2560K, 0% used [0x00000000ecb00000,0x00000000ecb00000,0x00000000ecd80000)
 ParOldGen       total 44032K, used 4036K [0x00000000c0000000, 0x00000000c2b00000, 0x00000000eab00000)
  object space 44032K, 9% used [0x00000000c0000000,0x00000000c03f12f0,0x00000000c2b00000)
 Metaspace       used 6135K, capacity 7026K, committed 7296K, reserved 1056768K
  class space    used 599K, capacity 618K, committed 640K, reserved 1048576K
Event: 5.771 GC heap after
Heap after GC invocations=3 (full 0):
 PSYoungGen      total 35328K, used 2539K [0x00000000eab00000, 0x00000000ef000000, 0x0000000100000000)
  eden space 32768K, 0% used [0x00000000eab00000,0x00000000eab00000,0x00000000ecb00000)
  from space 2560K, 99% used [0x00000000ecb00000,0x00000000ecd7ac20,0x00000000ecd80000)
  to   space 2560K, 0% used [0x00000000eed80000,0x00000000eed80000,0x00000000ef000000)
 ParOldGen       total 44032K, used 8770K [0x00000000c0000000, 0x00000000c2b00000, 0x00000000eab00000)
  object space 44032K, 19% used [0x00000000c0000000,0x00000000c0890a28,0x00000000c2b00000)
 Metaspace       used 6135K, capacity 7026K, committed 7296K, reserved 1056768K
  class space    used 599K, capacity 618K, committed 640K, reserved 1048576K
}
Event: 7.875 GC heap before
{Heap before GC invocations=4 (full 0):
 PSYoungGen      total 35328K, used 35307K [0x00000000eab00000, 0x00000000ef000000, 0x0000000100000000)
  eden space 32768K, 100% used [0x00000000eab00000,0x00000000ecb00000,0x00000000ecb00000)
  from space 2560K, 99% used [0x00000000ecb00000,0x00000000ecd7ac20,0x00000000ecd80000)
  to   space 2560K, 0% used [0x00000000eed80000,0x00000000eed80000,0x00000000ef000000)
 ParOldGen       total 44032K, used 8770K [0x00000000c0000000, 0x00000000c2b00000, 0x00000000eab00000)
  object space 44032K, 19% used [0x00000000c0000000,0x00000000c0890a28,0x00000000c2b00000)
 Metaspace       used 6172K, capacity 7090K, committed 7296K, reserved 1056768K
  class space    used 599K, capacity 618K, committed 640K, reserved 1048576K
Event: 8.035 GC heap after
Heap after GC invocations=4 (full 0):
 PSYoungGen      total 68096K, used 2538K [0x00000000eab00000, 0x00000000ef000000, 0x0000000100000000)
  eden space 65536K, 0% used [0x00000000eab00000,0x00000000eab00000,0x00000000eeb00000)
  from space 2560K, 99% used [0x00000000eed80000,0x00000000eeffaa80,0x00000000ef000000)
  to   space 2560K, 0% used [0x00000000eeb00000,0x00000000eeb00000,0x00000000eed80000)
 ParOldGen       total 44032K, used 14161K [0x00000000c0000000, 0x00000000c2b00000, 0x00000000eab00000)
  object space 44032K, 32% used [0x00000000c0000000,0x00000000c0dd4710,0x00000000c2b00000)
 Metaspace       used 6172K, capacity 7090K, committed 7296K, reserved 1056768K
  class space    used 599K, capacity 618K, committed 640K, reserved 1048576K
}
Event: 12.195 GC heap before
{Heap before GC invocations=5 (full 0):
 PSYoungGen      total 68096K, used 68074K [0x00000000eab00000, 0x00000000ef000000, 0x0000000100000000)
  eden space 65536K, 100% used [0x00000000eab00000,0x00000000eeb00000,0x00000000eeb00000)
  from space 2560K, 99% used [0x00000000eed80000,0x00000000eeffaa80,0x00000000ef000000)
  to   space 2560K, 0% used [0x00000000eeb00000,0x00000000eeb00000,0x00000000eed80000)
 ParOldGen       total 44032K, used 14161K [0x00000000c0000000, 0x00000000c2b00000, 0x00000000eab00000)
  object space 44032K, 32% used [0x00000000c0000000,0x00000000c0dd4710,0x00000000c2b00000)
 Metaspace       used 6616K, capacity 7384K, committed 7680K, reserved 1056768K
  class space    used 639K, capacity 656K, committed 768K, reserved 1048576K
Event: 12.268 GC heap after
Heap after GC invocations=5 (full 0):
 PSYoungGen      total 68096K, used 2547K [0x00000000eab00000, 0x00000000f3d00000, 0x0000000100000000)
  eden space 65536K, 0% used [0x00000000eab00000,0x00000000eab00000,0x00000000eeb00000)
  from space 2560K, 99% used [0x00000000eeb00000,0x00000000eed7cd80,0x00000000eed80000)
  to   space 9216K, 0% used [0x00000000f3400000,0x00000000f3400000,0x00000000f3d00000)
 ParOldGen       total 44032K, used 18597K [0x00000000c0000000, 0x00000000c2b00000, 0x00000000eab00000)
  object space 44032K, 42% used [0x00000000c0000000,0x00000000c1229668,0x00000000c2b00000)
 Metaspace       used 6616K, capacity 7384K, committed 7680K, reserved 1056768K
  class space    used 639K, capacity 656K, committed 768K, reserved 1048576K
}

Deoptimization events (10 events):
Event: 11.300 Thread 0x0000000002730800 Uncommon trap: reason=speculate_class_check action=maybe_recompile pc=0x0000000002b2a6b4 method=com.android.dx.util.FixedSizeList.equals(Ljava/lang/Object;)Z @ 25
Event: 11.300 Thread 0x0000000002730800 Uncommon trap: reason=speculate_class_check action=maybe_recompile pc=0x0000000002b2a6b4 method=com.android.dx.util.FixedSizeList.equals(Ljava/lang/Object;)Z @ 25
Event: 11.300 Thread 0x0000000002730800 Uncommon trap: reason=speculate_class_check action=maybe_recompile pc=0x0000000002b2a6b4 method=com.android.dx.util.FixedSizeList.equals(Ljava/lang/Object;)Z @ 25
Event: 11.665 Thread 0x0000000002730800 Uncommon trap: reason=unstable_if action=reinterpret pc=0x00000000031254c0 method=com.android.dx.dex.code.OutputFinisher.findOpcodeForInsn(Lcom/android/dx/dex/code/DalvInsn;Lcom/android/dx/dex/code/Dop;)Lcom/android/dx/dex/code/Dop; @ 1
Event: 11.933 Thread 0x0000000002730800 Uncommon trap: reason=unstable_if action=reinterpret pc=0x00000000030f62ac method=java.util.TreeMap.put(Ljava/lang/Object;Ljava/lang/Object;)Ljava/lang/Object; @ 163
Event: 12.129 Thread 0x0000000002730800 Uncommon trap: reason=unstable_if action=reinterpret pc=0x000000000317d4c0 method=com.android.dx.dex.code.StdCatchBuilder.handlersFor(Lcom/android/dx/rop/code/BasicBlock;Lcom/android/dx/dex/code/BlockAddresses;)Lcom/android/dx/dex/code/CatchHandlerList; @ ¬dq$˛E(@
Event: 12.137 Thread 0x0000000002730800 Uncommon trap: reason=unstable_if action=reinterpret pc=0x00000000031599f8 method=java.util.ArrayList.<init>(I)V @ 5
Event: 12.285 Thread 0x0000000002730800 Uncommon trap: reason=unstable_if action=reinterpret pc=0x000000000319ccc4 method=com.android.dx.util.ByteArrayAnnotatedOutput.writeByte(I)V @ 13
Event: 12.407 Thread 0x0000000002730800 Uncommon trap: reason=unstable_if action=reinterpret pc=0x00000000031b237c method=com.android.dx.util.ByteArrayAnnotatedOutput.writeUleb128(I)I @ 4
Event: 12.407 Thread 0x0000000002730800 Uncommon trap: reason=unstable_if action=reinterpret pc=0x00000000031b7fcc method=com.android.dx.util.ByteArrayAnnotatedOutput.writeByte(I)V @ 13

Internal exceptions (6 events):
Event: 0.114 Thread 0x0000000002730800 Exception <a 'java/lang/NoSuchMethodError': Method sun.misc.Unsafe.defineClass(Ljava/lang/String;[BII)Ljava/lang/Class; name or signature does not match> (0x00000000eab07cc0) thrown at [C:\re\workspace\8-2-build-windows-amd64-cygwin\jdk8u101\7261\hotspot\sf*›_êFΩ?
Event: 0.114 Thread 0x0000000002730800 Exception <a 'java/lang/NoSuchMethodError': Method sun.misc.Unsafe.prefetchRead(Ljava/lang/Object;J)V name or signature does not match> (0x00000000eab07fa8) thrown at [C:\re\workspace\8-2-build-windows-amd64-cygwin\jdk8u101\7261\hotspot\src\share\vm\prims\£u∆ú¸?
Event: 1.756 Thread 0x0000000016aa9800 Implicit null exception at 0x0000000002b00ce2 to 0x0000000002b00dda
Event: 8.164 Thread 0x00000000169f5800 Exception <a 'java/lang/ArrayIndexOutOfBoundsException': 18> (0x00000000eb8fbf60) thrown at [C:\re\workspace\8-2-build-windows-amd64-cygwin\jdk8u101\7261\hotspot\src\share\vm\interpreter\interpreterRuntime.cpp, line 366]
Event: 8.165 Thread 0x00000000169f5800 Exception <a 'java/lang/ArrayIndexOutOfBoundsException'> (0x00000000eb8fdae0) thrown at [C:\re\workspace\8-2-build-windows-amd64-cygwin\jdk8u101\7261\hotspot\src\share\vm\runtime\sharedRuntime.cpp, line 605]
Event: 8.166 Thread 0x00000000169f5800 Exception <a 'java/lang/ArrayIndexOutOfBoundsException'> (0x00000000eb8fedc8) thrown at [C:\re\workspace\8-2-build-windows-amd64-cygwin\jdk8u101\7261\hotspot\src\share\vm\runtime\sharedRuntime.cpp, line 605]

Events (10 events):
Event: 12.414 loading class java/security/MessageDigest
Event: 12.414 loading class java/security/MessageDigestSpi
Event: 12.414 loading class java/security/MessageDigestSpi done
Event: 12.414 loading class java/security/MessageDigest done
Event: 12.414 loading class java/security/Security
Event: 12.414 loading class java/security/Security done
Event: 12.414 loading class java/security/Security$1
Event: 12.415 loading class java/security/Security$1 done
Event: 12.415 loading class java/util/Properties$LineReader
Event: 12.415 loading class java/util/Properties$LineReader done


Dynamic libraries:
0x00007ff7d2c60000 - 0x00007ff7d2c97000 	C:\Program Files\Java\jdk1.8.0_101\bin\java.exe
0x00007fff6cf10000 - 0x00007fff6d0bd000 	C:\Windows\SYSTEM32\ntdll.dll
0x00007fff6a760000 - 0x00007fff6a89e000 	C:\Windows\system32\KERNEL32.DLL
0x00007fff6a100000 - 0x00007fff6a215000 	C:\Windows\system32\KERNELBASE.dll
0x00007fff68b70000 - 0x00007fff68bfe000 	C:\Windows\system32\apphelp.dll
0x00007fff62ad0000 - 0x00007fff62b23000 	C:\Windows\AppPatch\AppPatch64\AcGenral.DLL
0x00007fff6ac90000 - 0x00007fff6ad3a000 	C:\Windows\system32\msvcrt.dll
0x00007fff6a270000 - 0x00007fff6a29e000 	C:\Windows\system32\SspiCli.dll
0x00007fff6b090000 - 0x00007fff6b0e4000 	C:\Windows\system32\SHLWAPI.dll
0x00007fff6af00000 - 0x00007fff6b077000 	C:\Windows\system32\USER32.dll
0x00007fff6a8b0000 - 0x00007fff6aa44000 	C:\Windows\system32\ole32.dll
0x00007fff6b560000 - 0x00007fff6ca89000 	C:\Windows\system32\SHELL32.dll
0x00007fff695f0000 - 0x00007fff69611000 	C:\Windows\SYSTEM32\USERENV.dll
0x00007fff6cb50000 - 0x00007fff6cbfa000 	C:\Windows\system32\ADVAPI32.dll
0x00007fff61ec0000 - 0x00007fff61ede000 	C:\Windows\SYSTEM32\MPR.dll
0x00007fff6ab50000 - 0x00007fff6ac90000 	C:\Windows\system32\RPCRT4.dll
0x00007fff6ceb0000 - 0x00007fff6cf09000 	C:\Windows\SYSTEM32\sechost.dll
0x00007fff6cc10000 - 0x00007fff6ce22000 	C:\Windows\SYSTEM32\combase.dll
0x00007fff6a5a0000 - 0x00007fff6a6eb000 	C:\Windows\system32\GDI32.dll
0x00007fff6a030000 - 0x00007fff6a045000 	C:\Windows\SYSTEM32\profapi.dll
0x00007fff68540000 - 0x00007fff685f2000 	C:\Windows\SYSTEM32\SHCORE.dll
0x00007fff6ab10000 - 0x00007fff6ab46000 	C:\Windows\system32\IMM32.DLL
0x00007fff6b150000 - 0x00007fff6b2a2000 	C:\Windows\system32\MSCTF.dll
0x00007fff676e0000 - 0x00007fff6795b000 	C:\Windows\WinSxS\amd64_microsoft.windows.common-controls_6595b64144ccf1df_6.0.9600.18006_none_623f33d3ecbe86e8\COMCTL32.dll
0x0000000056340000 - 0x0000000056412000 	C:\Program Files\Java\jdk1.8.0_101\jre\bin\msvcr100.dll
0x00000000539e0000 - 0x000000005427a000 	C:\Program Files\Java\jdk1.8.0_101\jre\bin\server\jvm.dll
0x00007fff57810000 - 0x00007fff57819000 	C:\Windows\SYSTEM32\WSOCK32.dll
0x00007fff61ef0000 - 0x00007fff61f12000 	C:\Windows\SYSTEM32\WINMM.dll
0x00007fff67960000 - 0x00007fff6796a000 	C:\Windows\SYSTEM32\VERSION.dll
0x00007fff6cc00000 - 0x00007fff6cc07000 	C:\Windows\system32\PSAPI.DLL
0x00007fff6ce50000 - 0x00007fff6ceaa000 	C:\Windows\system32\WS2_32.dll
0x00007fff61910000 - 0x00007fff6193a000 	C:\Windows\SYSTEM32\WINMMBASE.dll
0x00007fff6a590000 - 0x00007fff6a599000 	C:\Windows\system32\NSI.dll
0x00007fff6a220000 - 0x00007fff6a26f000 	C:\Windows\SYSTEM32\cfgmgr32.dll
0x00007fff68dd0000 - 0x00007fff68df8000 	C:\Windows\SYSTEM32\DEVOBJ.dll
0x00000000539d0000 - 0x00000000539df000 	C:\Program Files\Java\jdk1.8.0_101\jre\bin\verify.dll
0x00000000539a0000 - 0x00000000539c9000 	C:\Program Files\Java\jdk1.8.0_101\jre\bin\java.dll
0x0000000053980000 - 0x0000000053996000 	C:\Program Files\Java\jdk1.8.0_101\jre\bin\zip.dll

VM Arguments:
jvm_args: -Djava.awt.headless=true -Xmx1024M -Dfile.encoding=windows-1252 -Duser.country=IN -Duser.language=en -Duser.variant 
java_command: com.android.dx.command.Main --dex --num-threads=4 --output D:\MyApplication\app\build\intermediates\pre-dexed\debug\jackson-core-2.2.2_dcedf6db7245e295494d6320c39c6db021e7bbec.jar C:\Users\admin1\.gradle\caches\modules-2\files-2.1\com.fasterxml.jackson.core\jackson-core\2.2.2\d20be6a5ddd6f8cfd36ebf6dea329873a1c41f1b\jackson-core-2.2.2.jar
java_class_path (initial): C:\Users\admin1\AppData\Local\Android\sdk\build-tools\25.0.3\lib\dx.jar
Launcher Type: SUN_STANDARD

Environment Variables:
PATH=C:\ProgramData\Anaconda3;C:\ProgramData\Anaconda3\Library\mingw-w64\bin;C:\ProgramData\Anaconda3\Library\usr\bin;C:\ProgramData\Anaconda3\Library\bin;C:\ProgramData\Anaconda3\Scripts;C:\ProgramData\Oracle\Java\javapath;C:\Program Files\Java\jdk1.8.0_101\bin;C:\Program Files (x86)\GTK2-Runtime\lib;C:\Users\admin1\AppData\Roaming\Microsoft\Windows\Start Menu\Programs;C:\Windows\system32\cmd.exe;
USERNAME=admin1
OS=Windows_NT
PROCESSOR_IDENTIFIER=Intel64 Family 6 Model 61 Stepping 4, GenuineIntel



---------------  S Y S T E M  ---------------

OS: Windows 8.1 , 64 bit Build 9600 (6.3.9600.17415)

CPU:total 4 (2 cores per cpu, 2 threads per core) family 6 model 61 stepping 4, cmov, cx8, fxsr, mmx, sse, sse2, sse3, ssse3, sse4.1, sse4.2, popcnt, avx, avx2, aes, clmul, erms, 3dnowpref, lzcnt, ht, tsc, tscinvbit, bmi1, bmi2, adx

Memory: 4k page, physical 4112560k(502244k free), swap 7258288k(31076k free)

vm_info: Java HotSpot(TM) 64-Bit Server VM (25.101-b13) for windows-amd64 JRE (1.8.0_101-b13), built on Jun 22 2016 01:21:29 by "java_re" with MS VC++ 10.0 (VS2010)

time: Sat Aug 26 01:55:26 2017
elapsed time: 12 seconds (0d 0h 0m 12s)

